13:41:05.742 [main] INFO  s.ribbon.RibbonServerApplication:646 - No active profile set, falling back to default profiles: default
13:41:27.132 [main] INFO  s.ribbon.RibbonServerApplication:59 - Started RibbonServerApplication in 33.905 seconds (JVM running for 50.384)
13:48:51.188 [main] INFO  s.ribbon.RibbonServerApplication:646 - No active profile set, falling back to default profiles: default
13:49:01.192 [main] ERROR o.s.b.d.LoggingFailureAnalysisReporter:40 - 

***************************
APPLICATION FAILED TO START
***************************

Description:

Field discoveryClient in server.ribbon.route.RouteTest required a bean of type 'com.netflix.discovery.DiscoveryClient' that could not be found.

The injection point has the following annotations:
	- @org.springframework.beans.factory.annotation.Autowired(required=true)


Action:

Consider defining a bean of type 'com.netflix.discovery.DiscoveryClient' in your configuration.

13:50:19.500 [main] INFO  s.ribbon.RibbonServerApplication:646 - No active profile set, falling back to default profiles: default
13:50:37.611 [main] INFO  s.ribbon.RibbonServerApplication:59 - Started RibbonServerApplication in 27.926 seconds (JVM running for 43.171)
13:53:11.787 [main] INFO  s.ribbon.RibbonServerApplication:646 - No active profile set, falling back to default profiles: default
13:53:29.763 [main] INFO  s.ribbon.RibbonServerApplication:59 - Started RibbonServerApplication in 27.486 seconds (JVM running for 43.067)
13:56:02.040 [main] INFO  s.ribbon.RibbonServerApplication:646 - No active profile set, falling back to default profiles: default
13:56:18.431 [main] INFO  s.ribbon.RibbonServerApplication:59 - Started RibbonServerApplication in 25.555 seconds (JVM running for 42.282)
13:58:38.711 [main] INFO  s.ribbon.RibbonServerApplication:646 - No active profile set, falling back to default profiles: default
13:58:54.843 [main] INFO  s.ribbon.RibbonServerApplication:59 - Started RibbonServerApplication in 25.319 seconds (JVM running for 40.176)
14:00:14.087 [main] INFO  s.ribbon.RibbonServerApplication:646 - No active profile set, falling back to default profiles: default
14:00:22.635 [main] ERROR o.s.b.d.LoggingFailureAnalysisReporter:40 - 

***************************
APPLICATION FAILED TO START
***************************

Description:

Field restTemplate in server.ribbon.route.RouteTest required a bean of type 'org.springframework.web.client.RestTemplate' that could not be found.

The injection point has the following annotations:
	- @org.springframework.beans.factory.annotation.Autowired(required=true)


Action:

Consider defining a bean of type 'org.springframework.web.client.RestTemplate' in your configuration.

14:01:22.435 [main] INFO  s.ribbon.RibbonServerApplication:646 - No active profile set, falling back to default profiles: default
14:01:39.492 [main] INFO  s.ribbon.RibbonServerApplication:59 - Started RibbonServerApplication in 26.156 seconds (JVM running for 39.06)
14:04:46.096 [main] INFO  s.ribbon.RibbonServerApplication:646 - No active profile set, falling back to default profiles: default
14:05:03.954 [main] INFO  s.ribbon.RibbonServerApplication:59 - Started RibbonServerApplication in 28.078 seconds (JVM running for 43.048)
14:25:04.016 [main] INFO  s.ribbon.RibbonServerApplication:646 - No active profile set, falling back to default profiles: default
14:25:25.220 [main] INFO  s.ribbon.RibbonServerApplication:59 - Started RibbonServerApplication in 35.002 seconds (JVM running for 59.129)
